Hostname is:=
webonise-desktop
Fri Jun 28 18:50:15 IST 2013

Type and version of OS:=
Linux webonise-desktop 3.2.0-29-generic #46-Ubuntu SMP Fri Jul 27 17:03:23 UTC 2012 x86_64 x86_64 x86_64 GNU/Linux
Fri Jun 28 18:57:20 IST 2013

Home full path:=
Fri Jun 28 19:03:23 IST 2013

Users Logged:=:
webonise tty7         2013-06-28 14:02
webonise pts/0        2013-06-28 18:36 (:0)

Files if Present Working Directory as well in its sub-direcories:=
./commands.sh
./xray.txt
./commands.sh~
./file1.txt
./assignment.log
./file2.txt
./.git/refs/remotes/origin/testing
./.git/refs/remotes/origin/shell-files
./.git/refs/remotes/origin/shell-version
./.git/refs/remotes/origin/devlope
./.git/refs/remotes/origin/shell-logged
./.git/refs/remotes/origin/shell-group
./.git/refs/remotes/origin/staging
./.git/refs/remotes/origin/shell-home-path
./.git/refs/heads/testing
./.git/refs/heads/master
./.git/refs/heads/shell-files
./.git/refs/heads/shell-version
./.git/refs/heads/devlope
./.git/refs/heads/shell-logged
./.git/refs/heads/shell-group
./.git/refs/heads/staging
./.git/refs/heads/shell-home-path
./.git/refs/heads/shell-hostname
./.git/FETCH_HEAD
./.git/config
./.git/logs/refs/remotes/origin/testing
./.git/logs/refs/remotes/origin/shell-files
./.git/logs/refs/remotes/origin/shell-version
./.git/logs/refs/remotes/origin/devlope
./.git/logs/refs/remotes/origin/shell-logged
./.git/logs/refs/remotes/origin/shell-group
./.git/logs/refs/remotes/origin/staging
./.git/logs/refs/remotes/origin/shell-home-path
./.git/logs/refs/heads/testing
./.git/logs/refs/heads/master
./.git/logs/refs/heads/shell-files
./.git/logs/refs/heads/shell-version
./.git/logs/refs/heads/devlope
./.git/logs/refs/heads/shell-logged
./.git/logs/refs/heads/shell-group
./.git/logs/refs/heads/staging
./.git/logs/refs/heads/shell-home-path
./.git/logs/refs/heads/shell-hostname
./.git/logs/HEAD
./.git/HEAD
./.git/info/exclude
./.git/ORIG_HEAD
./.git/hooks/post-update.sample
./.git/hooks/pre-rebase.sample
./.git/hooks/applypatch-msg.sample
./.git/hooks/pre-applypatch.sample
./.git/hooks/commit-msg.sample
./.git/hooks/update.sample
./.git/hooks/pre-commit.sample
./.git/hooks/prepare-commit-msg.sample
./.git/description
./.git/COMMIT_EDITMSG
./.git/objects/93/01851a8b957bf4ed52a7ac5ddb2ae966d37026
./.git/objects/8d/dcd426e366e796653e248adb132816c3fdd582
./.git/objects/c0/f5795b5eb26a6cfcd4a8398cd220121f967cd8
./.git/objects/e6/9de29bb2d1d6434b8b29ae775ad8c2e48c5391
./.git/objects/1e/6bc511eb5cb62cfcd0f08bc8274e9a21b9cbe0
./.git/objects/ad/3258263f81d90e4fc06f2f40878fe6502c4abf
./.git/objects/bf/f802bba5b60a9336bf214df38c24d5d7d204d6
./.git/objects/98/1090ba24cfe30a5da5e68a38624b34aa3f0f06
./.git/objects/ac/4311c85abc1100ceb2b9d2e7a0ccb606b73f23
./.git/objects/72/fb917291003b3c29fce87c67f9c6dddef97bf1
./.git/objects/42/e49f456c4444a688c6540fa73a0440cfec2d82
./.git/objects/92/f782c98434fecd6a3850e7ec8c9c0815373eb8
./.git/objects/37/d736475e02581caba9784b69deb8d7cc573ba4
./.git/objects/a4/1fb7c270e80f20e205226cf2c1bb3dc3e3e246
./.git/objects/43/db8fd33f9b9f3e7e4fc9a5b3aa1e96598e5fce
./.git/objects/1a/07cbd19d40d8112a16fde3b9c9583315beda8e
./.git/objects/b0/fc2f8f393f15af65b10862100d291117a6936a
./.git/objects/ca/3eb81bc6a3ee1cb0dc10041744936dd84d5d10
./.git/objects/b5/3adc731f7da98b85afec742d176caf9e25919c
./.git/objects/08/05cd2a6c7c4f37ac020e6525dbf4dd2b2d9c88
./.git/objects/01/02a24ea13efbc0ae0db43d97907bcd59eb87c6
./.git/objects/c8/bb556c5c82072b857d7dc29ef59eec0914d475
./.git/index
